#
# There is insufficient memory for the Java Runtime Environment to continue.
# Native memory allocation (malloc) failed to allocate 931376 bytes for Chunk::new
# Possible reasons:
#   The system is out of physical RAM or swap space
#   In 32 bit mode, the process size limit was hit
# Possible solutions:
#   Reduce memory load on the system
#   Increase physical memory or swap space
#   Check if swap backing store is full
#   Use 64 bit Java on a 64 bit OS
#   Decrease Java heap size (-Xmx/-Xms)
#   Decrease number of Java threads
#   Decrease Java thread stack sizes (-Xss)
#   Set larger code cache with -XX:ReservedCodeCacheSize=
# This output file may be truncated or incomplete.
#
#  Out of Memory Error (allocation.cpp:390), pid=11740, tid=11332
#
# JRE version: Java(TM) SE Runtime Environment (8.0_65-b17) (build 1.8.0_65-b17)
# Java VM: Java HotSpot(TM) 64-Bit Server VM (25.65-b01 mixed mode windows-amd64 compressed oops)
# Failed to write core dump. Minidumps are not enabled by default on client versions of Windows
#

---------------  T H R E A D  ---------------

Current thread (0x000000001568c800):  JavaThread "C2 CompilerThread1" daemon [_thread_in_native, id=11332, stack(0x0000000016df0000,0x0000000016ef0000)]

Stack: [0x0000000016df0000,0x0000000016ef0000]
[error occurred during error reporting (printing stack bounds), id 0xc0000005]

Native frames: (J=compiled Java code, j=interpreted, Vv=VM code, C=native code)


Current CompileTask:
C2:   9140 2759   !   4       java.security.SecureClassLoader::getProtectionDomain (114 bytes)


---------------  P R O C E S S  ---------------

Java Threads: ( => current thread )
  0x000000001ccee000 JavaThread "Build operations Thread 4" [_thread_blocked, id=7456, stack(0x000000001e860000,0x000000001e960000)]
  0x000000001ccf0800 JavaThread "Build operations Thread 3" [_thread_blocked, id=5160, stack(0x000000001e760000,0x000000001e860000)]
  0x000000001cced800 JavaThread "Build operations Thread 2" [_thread_blocked, id=6844, stack(0x000000001e660000,0x000000001e760000)]
  0x000000001ccef000 JavaThread "Build operations" [_thread_blocked, id=8832, stack(0x000000001e560000,0x000000001e660000)]
  0x000000001ccef800 JavaThread "Cache worker for Artifact transforms cache (C:\Users\nats\.gradle\caches\transforms-1)" [_thread_blocked, id=2940, stack(0x000000001b930000,0x000000001ba30000)]
  0x00000000188d4000 JavaThread "Cache worker for file hash cache (D:\proyectos-spring\dps\.gradle\4.8.1\fileHashes)" [_thread_blocked, id=2232, stack(0x000000001b530000,0x000000001b630000)]
  0x00000000188d3800 JavaThread "File lock request listener" [_thread_in_native, id=11288, stack(0x000000001b230000,0x000000001b330000)]
  0x00000000188d6800 JavaThread "Cache worker for file hash cache (C:\Users\nats\.gradle\caches\4.8.1\fileHashes)" [_thread_blocked, id=3488, stack(0x000000001b130000,0x000000001b230000)]
  0x00000000188da000 JavaThread "Stdin handler" [_thread_blocked, id=8276, stack(0x0000000019e60000,0x0000000019f60000)]
  0x00000000188d9800 JavaThread "Asynchronous log dispatcher for DefaultDaemonConnection: socket connection from /127.0.0.1:60626 to /127.0.0.1:60627" [_thread_blocked, id=8580, stack(0x0000000019d60000,0x0000000019e60000)]
  0x00000000188d5800 JavaThread "Daemon worker" [_thread_in_native, id=4476, stack(0x0000000019c60000,0x0000000019d60000)]
  0x00000000188d8000 JavaThread "Cancel handler" [_thread_blocked, id=10580, stack(0x0000000019b60000,0x0000000019c60000)]
  0x00000000188d8800 JavaThread "Handler for socket connection from /127.0.0.1:60626 to /127.0.0.1:60627" [_thread_in_native, id=12176, stack(0x0000000019860000,0x0000000019960000)]
  0x00000000188d5000 JavaThread "Daemon" [_thread_blocked, id=3740, stack(0x0000000019760000,0x0000000019860000)]
  0x00000000185c2800 JavaThread "Daemon periodic checks" [_thread_blocked, id=9116, stack(0x0000000019660000,0x0000000019760000)]
  0x00000000185bc000 JavaThread "Incoming local TCP Connector on port 60626" [_thread_in_native, id=9572, stack(0x0000000019400000,0x0000000019500000)]
  0x000000001848a800 JavaThread "Daemon health stats" [_thread_blocked, id=7924, stack(0x0000000018dc0000,0x0000000018ec0000)]
  0x000000001702a800 JavaThread "Service Thread" daemon [_thread_blocked, id=6004, stack(0x00000000173f0000,0x00000000174f0000)]
  0x000000001568f800 JavaThread "C1 CompilerThread2" daemon [_thread_blocked, id=456, stack(0x0000000016ef0000,0x0000000016ff0000)]
=>0x000000001568c800 JavaThread "C2 CompilerThread1" daemon [_thread_in_native, id=11332, stack(0x0000000016df0000,0x0000000016ef0000)]
  0x000000001569b000 JavaThread "C2 CompilerThread0" daemon [_thread_in_native, id=10048, stack(0x0000000016cf0000,0x0000000016df0000)]
  0x000000001569a000 JavaThread "Attach Listener" daemon [_thread_blocked, id=10220, stack(0x0000000016bf0000,0x0000000016cf0000)]
  0x0000000015698800 JavaThread "Signal Dispatcher" daemon [_thread_blocked, id=6120, stack(0x0000000016af0000,0x0000000016bf0000)]
  0x0000000002fb8000 JavaThread "Finalizer" daemon [_thread_blocked, id=10104, stack(0x00000000168e0000,0x00000000169e0000)]
  0x0000000015659000 JavaThread "Reference Handler" daemon [_thread_blocked, id=9084, stack(0x00000000167e0000,0x00000000168e0000)]
  0x0000000002ebe000 JavaThread "main" [_thread_blocked, id=10808, stack(0x0000000002d40000,0x0000000002e40000)]

Other Threads:
  0x0000000015657800 VMThread [stack: 0x00000000166e0000,0x00000000167e0000] [id=11040]
  0x000000001703d000 WatcherThread [stack: 0x00000000174f0000,0x00000000175f0000] [id=4308]

VM state:not at safepoint (normal execution)

VM Mutex/Monitor currently owned by a thread: None

Heap:
 PSYoungGen      total 57856K, used 24898K [0x00000000eab00000, 0x00000000eec00000, 0x0000000100000000)
  eden space 52224K, 36% used [0x00000000eab00000,0x00000000ebdd0cc0,0x00000000ede00000)
  from space 5632K, 99% used [0x00000000ee480000,0x00000000ee9ffce0,0x00000000eea00000)
  to   space 6656K, 0% used [0x00000000ede00000,0x00000000ede00000,0x00000000ee480000)
 ParOldGen       total 35840K, used 16431K [0x00000000c0000000, 0x00000000c2300000, 0x00000000eab00000)
  object space 35840K, 45% used [0x00000000c0000000,0x00000000c100bde8,0x00000000c2300000)
 Metaspace       used 33912K, capacity 34690K, committed 34992K, reserved 1079296K
  class space    used 4962K, capacity 5179K, committed 5296K, reserved 1048576K

Card table byte_map: [0x0000000012380000,0x0000000012590000] byte_map_base: 0x0000000011d80000

Marking Bits: (ParMarkBitMap*) 0x000000006e5aa5b0
 Begin Bits: [0x0000000012af0000, 0x0000000013af0000)
 End Bits:   [0x0000000013af0000, 0x0000000014af0000)

Polling page: 0x0000000000bf0000

CodeCache: size=245760Kb used=10238Kb max_used=10897Kb free=235521Kb
 bounds [0x0000000002fc0000, 0x0000000003a70000, 0x0000000011fc0000]
 total_blobs=3264 nmethods=2572 adapters=605
 compilation: enabled

Compilation events (10 events):
Event: 9.051 Thread 0x000000001568f800 2771       3       sun.nio.cs.ISO_8859_1$Encoder::encodeISOArray (47 bytes)
Event: 9.051 Thread 0x000000001568f800 nmethod 2771 0x0000000003140ad0 code [0x0000000003140c40, 0x0000000003140ed0]
Event: 9.054 Thread 0x000000001568f800 2773       3       java.util.Base64$Decoder::outLength (199 bytes)
Event: 9.054 Thread 0x000000001568f800 nmethod 2773 0x0000000003386850 code [0x0000000003386a00, 0x0000000003387128]
Event: 9.058 Thread 0x000000001568f800 2774       1       java.util.jar.Attributes$Name::toString (5 bytes)
Event: 9.058 Thread 0x000000001568f800 nmethod 2774 0x0000000003383750 code [0x00000000033838a0, 0x00000000033839b0]
Event: 9.082 Thread 0x000000001568f800 2775       3       java.security.MessageDigest::isEqual (62 bytes)
Event: 9.082 Thread 0x000000001568f800 nmethod 2775 0x0000000003423550 code [0x00000000034236c0, 0x0000000003423a50]
Event: 9.090 Thread 0x000000001568f800 2776       3       sun.reflect.generics.repository.ConstructorRepository::<init> (7 bytes)
Event: 9.090 Thread 0x000000001568f800 nmethod 2776 0x00000000030e0610 code [0x00000000030e07e0, 0x00000000030e0f38]

GC Heap History (10 events):
Event: 4.685 GC heap before
{Heap before GC invocations=7 (full 0):
 PSYoungGen      total 57856K, used 57670K [0x00000000eab00000, 0x00000000eec00000, 0x0000000100000000)
  eden space 52224K, 100% used [0x00000000eab00000,0x00000000ede00000,0x00000000ede00000)
  from space 5632K, 96% used [0x00000000ee480000,0x00000000ee9d1978,0x00000000eea00000)
  to   space 6656K, 0% used [0x00000000ede00000,0x00000000ede00000,0x00000000ee480000)
 ParOldGen       total 35840K, used 5789K [0x00000000c0000000, 0x00000000c2300000, 0x00000000eab00000)
  object space 35840K, 16% used [0x00000000c0000000,0x00000000c05a7750,0x00000000c2300000)
 Metaspace       used 20824K, capacity 21250K, committed 21296K, reserved 1067008K
  class space    used 2948K, capacity 3091K, committed 3120K, reserved 1048576K
Event: 4.715 GC heap after
Heap after GC invocations=7 (full 0):
 PSYoungGen      total 58880K, used 6650K [0x00000000eab00000, 0x00000000eec00000, 0x0000000100000000)
  eden space 52224K, 0% used [0x00000000eab00000,0x00000000eab00000,0x00000000ede00000)
  from space 6656K, 99% used [0x00000000ede00000,0x00000000ee47e940,0x00000000ee480000)
  to   space 5632K, 0% used [0x00000000ee480000,0x00000000ee480000,0x00000000eea00000)
 ParOldGen       total 35840K, used 9356K [0x00000000c0000000, 0x00000000c2300000, 0x00000000eab00000)
  object space 35840K, 26% used [0x00000000c0000000,0x00000000c0923068,0x00000000c2300000)
 Metaspace       used 20824K, capacity 21250K, committed 21296K, reserved 1067008K
  class space    used 2948K, capacity 3091K, committed 3120K, reserved 1048576K
}
Event: 4.715 GC heap before
{Heap before GC invocations=8 (full 1):
 PSYoungGen      total 58880K, used 6650K [0x00000000eab00000, 0x00000000eec00000, 0x0000000100000000)
  eden space 52224K, 0% used [0x00000000eab00000,0x00000000eab00000,0x00000000ede00000)
  from space 6656K, 99% used [0x00000000ede00000,0x00000000ee47e940,0x00000000ee480000)
  to   space 5632K, 0% used [0x00000000ee480000,0x00000000ee480000,0x00000000eea00000)
 ParOldGen       total 35840K, used 9356K [0x00000000c0000000, 0x00000000c2300000, 0x00000000eab00000)
  object space 35840K, 26% used [0x00000000c0000000,0x00000000c0923068,0x00000000c2300000)
 Metaspace       used 20824K, capacity 21250K, committed 21296K, reserved 1067008K
  class space    used 2948K, capacity 3091K, committed 3120K, reserved 1048576K
Event: 4.773 GC heap after
Heap after GC invocations=8 (full 1):
 PSYoungGen      total 58880K, used 0K [0x00000000eab00000, 0x00000000eec00000, 0x0000000100000000)
  eden space 52224K, 0% used [0x00000000eab00000,0x00000000eab00000,0x00000000ede00000)
  from space 6656K, 0% used [0x00000000ede00000,0x00000000ede00000,0x00000000ee480000)
  to   space 5632K, 0% used [0x00000000ee480000,0x00000000ee480000,0x00000000eea00000)
 ParOldGen       total 35840K, used 11687K [0x00000000c0000000, 0x00000000c2300000, 0x00000000eab00000)
  object space 35840K, 32% used [0x00000000c0000000,0x00000000c0b69df8,0x00000000c2300000)
 Metaspace       used 20824K, capacity 21250K, committed 21296K, reserved 1067008K
  class space    used 2948K, capacity 3091K, committed 3120K, reserved 1048576K
}
Event: 6.314 GC heap before
{Heap before GC invocations=9 (full 1):
 PSYoungGen      total 58880K, used 51789K [0x00000000eab00000, 0x00000000eec00000, 0x0000000100000000)
  eden space 52224K, 99% used [0x00000000eab00000,0x00000000edd937a8,0x00000000ede00000)
  from space 6656K, 0% used [0x00000000ede00000,0x00000000ede00000,0x00000000ee480000)
  to   space 5632K, 0% used [0x00000000ee480000,0x00000000ee480000,0x00000000eea00000)
 ParOldGen       total 35840K, used 11687K [0x00000000c0000000, 0x00000000c2300000, 0x00000000eab00000)
  object space 35840K, 32% used [0x00000000c0000000,0x00000000c0b69df8,0x00000000c2300000)
 Metaspace       used 26068K, capacity 26502K, committed 26672K, reserved 1073152K
  class space    used 3688K, capacity 3836K, committed 3888K, reserved 1048576K
Event: 6.322 GC heap after
Heap after GC invocations=9 (full 1):
 PSYoungGen      total 57856K, used 5608K [0x00000000eab00000, 0x00000000eec00000, 0x0000000100000000)
  eden space 52224K, 0% used [0x00000000eab00000,0x00000000eab00000,0x00000000ede00000)
  from space 5632K, 99% used [0x00000000ee480000,0x00000000ee9fa250,0x00000000eea00000)
  to   space 6656K, 0% used [0x00000000ede00000,0x00000000ede00000,0x00000000ee480000)
 ParOldGen       total 35840K, used 12585K [0x00000000c0000000, 0x00000000c2300000, 0x00000000eab00000)
  object space 35840K, 35% used [0x00000000c0000000,0x00000000c0c4a488,0x00000000c2300000)
 Metaspace       used 26068K, capacity 26502K, committed 26672K, reserved 1073152K
  class space    used 3688K, capacity 3836K, committed 3888K, reserved 1048576K
}
Event: 7.315 GC heap before
{Heap before GC invocations=10 (full 1):
 PSYoungGen      total 57856K, used 57832K [0x00000000eab00000, 0x00000000eec00000, 0x0000000100000000)
  eden space 52224K, 100% used [0x00000000eab00000,0x00000000ede00000,0x00000000ede00000)
  from space 5632K, 99% used [0x00000000ee480000,0x00000000ee9fa250,0x00000000eea00000)
  to   space 6656K, 0% used [0x00000000ede00000,0x00000000ede00000,0x00000000ee480000)
 ParOldGen       total 35840K, used 12585K [0x00000000c0000000, 0x00000000c2300000, 0x00000000eab00000)
  object space 35840K, 35% used [0x00000000c0000000,0x00000000c0c4a488,0x00000000c2300000)
 Metaspace       used 29364K, capacity 29972K, committed 30256K, reserved 1075200K
  class space    used 4155K, capacity 4329K, committed 4400K, reserved 1048576K
Event: 7.334 GC heap after
Heap after GC invocations=10 (full 1):
 PSYoungGen      total 58880K, used 6630K [0x00000000eab00000, 0x00000000eec00000, 0x0000000100000000)
  eden space 52224K, 0% used [0x00000000eab00000,0x00000000eab00000,0x00000000ede00000)
  from space 6656K, 99% used [0x00000000ede00000,0x00000000ee479a48,0x00000000ee480000)
  to   space 5632K, 0% used [0x00000000ee480000,0x00000000ee480000,0x00000000eea00000)
 ParOldGen       total 35840K, used 13110K [0x00000000c0000000, 0x00000000c2300000, 0x00000000eab00000)
  object space 35840K, 36% used [0x00000000c0000000,0x00000000c0ccd900,0x00000000c2300000)
 Metaspace       used 29364K, capacity 29972K, committed 30256K, reserved 1075200K
  class space    used 4155K, capacity 4329K, committed 4400K, reserved 1048576K
}
Event: 8.617 GC heap before
{Heap before GC invocations=11 (full 1):
 PSYoungGen      total 58880K, used 58854K [0x00000000eab00000, 0x00000000eec00000, 0x0000000100000000)
  eden space 52224K, 100% used [0x00000000eab00000,0x00000000ede00000,0x00000000ede00000)
  from space 6656K, 99% used [0x00000000ede00000,0x00000000ee479a48,0x00000000ee480000)
  to   space 5632K, 0% used [0x00000000ee480000,0x00000000ee480000,0x00000000eea00000)
 ParOldGen       total 35840K, used 13110K [0x00000000c0000000, 0x00000000c2300000, 0x00000000eab00000)
  object space 35840K, 36% used [0x00000000c0000000,0x00000000c0ccd900,0x00000000c2300000)
 Metaspace       used 32522K, capacity 33086K, committed 33456K, reserved 1077248K
  class space    used 4718K, capacity 4914K, committed 5040K, reserved 1048576K
Event: 8.632 GC heap after
Heap after GC invocations=11 (full 1):
 PSYoungGen      total 57856K, used 5631K [0x00000000eab00000, 0x00000000eec00000, 0x0000000100000000)
  eden space 52224K, 0% used [0x00000000eab00000,0x00000000eab00000,0x00000000ede00000)
  from space 5632K, 99% used [0x00000000ee480000,0x00000000ee9ffce0,0x00000000eea00000)
  to   space 6656K, 0% used [0x00000000ede00000,0x00000000ede00000,0x00000000ee480000)
 ParOldGen       total 35840K, used 16431K [0x00000000c0000000, 0x00000000c2300000, 0x00000000eab00000)
  object space 35840K, 45% used [0x00000000c0000000,0x00000000c100bde8,0x00000000c2300000)
 Metaspace       used 32522K, capacity 33086K, committed 33456K, reserved 1077248K
  class space    used 4718K, capacity 4914K, committed 5040K, reserved 1048576K
}

Deoptimization events (10 events):
Event: 6.195 Thread 0x00000000188d5800 Uncommon trap: reason=class_check action=maybe_recompile pc=0x0000000003185060 method=sun.misc.URLClassPath.getLoader(I)Lsun/misc/URLClassPath$Loader; @ 94
Event: 6.229 Thread 0x00000000188d5800 Uncommon trap: reason=class_check action=maybe_recompile pc=0x0000000003182650 method=sun.misc.URLClassPath.getLoader(I)Lsun/misc/URLClassPath$Loader; @ 193
Event: 6.517 Thread 0x00000000188d5800 Uncommon trap: reason=unstable_if action=reinterpret pc=0x0000000003419340 method=java.util.WeakHashMap.expungeStaleEntries()V @ 9
Event: 6.541 Thread 0x00000000188d5800 Uncommon trap: reason=unstable_if action=reinterpret pc=0x00000000036c2530 method=java.net.URLClassLoader.isSealed(Ljava/lang/String;Ljava/util/jar/Manifest;)Z @ 26
Event: 6.542 Thread 0x00000000188d5800 Uncommon trap: reason=unstable_if action=reinterpret pc=0x0000000003698b1c method=java.net.URLClassLoader.isSealed(Ljava/lang/String;Ljava/util/jar/Manifest;)Z @ 26
Event: 6.606 Thread 0x00000000188d5800 Uncommon trap: reason=unstable_if action=reinterpret pc=0x000000000325a3fc method=java.io.WinNTFileSystem.resolve(Ljava/lang/String;Ljava/lang/String;)Ljava/lang/String; @ 49
Event: 8.091 Thread 0x00000000188d5800 Uncommon trap: reason=range_check action=make_not_entrant pc=0x00000000038ed948 method=java.lang.String.charAt(I)C @ 27
Event: 8.530 Thread 0x00000000188d5800 Uncommon trap: reason=unstable_if action=reinterpret pc=0x0000000003814ea0 method=java.lang.String.lastIndexOf([CII[CIII)I @ 118
Event: 8.952 Thread 0x00000000188d5800 Uncommon trap: reason=class_check action=maybe_recompile pc=0x00000000033ce6a4 method=org.gradle.internal.logging.text.AbstractLineChoppingStyledTextOutput$StateContext.flushLineText()V @ 110
Event: 8.952 Thread 0x00000000188d5800 Uncommon trap: reason=class_check action=maybe_recompile pc=0x00000000033ce6a4 method=org.gradle.internal.logging.text.AbstractLineChoppingStyledTextOutput$StateContext.flushLineText()V @ 110

Internal exceptions (10 events):
Event: 8.850 Thread 0x00000000188d5800 Exception <a 'java/lang/ClassNotFoundException': io/spring/gradle/dependencymanagement/internal/dsl/StandardImportsHandlerBeanInfo> (0x00000000eb56ed88) thrown at [C:\workspace\8-2-build-windows-amd64-cygwin\jdk8u65\4987\hotspot\src\share\vm\classfile\systTP´Áf³!@
Event: 8.850 Thread 0x00000000188d5800 Exception <a 'java/lang/ClassNotFoundException': io/spring/gradle/dependencymanagement/internal/dsl/StandardImportsHandlerCustomizer> (0x00000000eb5766b8) thrown at [C:\workspace\8-2-build-windows-amd64-cygwin\jdk8u65\4987\hotspot\src\share\vm\classfile\sy
Event: 8.856 Thread 0x00000000188d5800 Exception <a 'java/lang/ClassNotFoundException': org/gradle/api/plugins/BasePluginConventionBeanInfo> (0x00000000eb5eb728) thrown at [C:\workspace\8-2-build-windows-amd64-cygwin\jdk8u65\4987\hotspot\src\share\vm\classfile\systemDictionary.cpp, line 210]
Event: 8.858 Thread 0x00000000188d5800 Exception <a 'java/lang/ClassNotFoundException': org/gradle/api/plugins/BasePluginConventionCustomizer> (0x00000000eb625e28) thrown at [C:\workspace\8-2-build-windows-amd64-cygwin\jdk8u65\4987\hotspot\src\share\vm\classfile\systemDictionary.cpp, line 210]
Event: 8.863 Thread 0x00000000188d5800 Exception <a 'java/lang/ClassNotFoundException': org/gradle/api/plugins/JavaPluginConventionBeanInfo> (0x00000000eb691420) thrown at [C:\workspace\8-2-build-windows-amd64-cygwin\jdk8u65\4987\hotspot\src\share\vm\classfile\systemDictionary.cpp, line 210]
Event: 8.864 Thread 0x00000000188d5800 Exception <a 'java/lang/ClassNotFoundException': org/gradle/api/plugins/JavaPluginConventionCustomizer> (0x00000000eb6cbb20) thrown at [C:\workspace\8-2-build-windows-amd64-cygwin\jdk8u65\4987\hotspot\src\share\vm\classfile\systemDictionary.cpp, line 210]
Event: 8.913 Thread 0x00000000188d5800 Exception <a 'java/lang/ClassNotFoundException': groovy/lang/GroovyObjectBeanInfo> (0x00000000eb7a07b0) thrown at [C:\workspace\8-2-build-windows-amd64-cygwin\jdk8u65\4987\hotspot\src\share\vm\classfile\systemDictionary.cpp, line 210]
Event: 8.914 Thread 0x00000000188d5800 Exception <a 'java/lang/ClassNotFoundException': groovy/lang/GroovyObjectCustomizer> (0x00000000eb7c24b0) thrown at [C:\workspace\8-2-build-windows-amd64-cygwin\jdk8u65\4987\hotspot\src\share\vm\classfile\systemDictionary.cpp, line 210]
Event: 8.915 Thread 0x00000000188d5800 Exception <a 'java/lang/ClassNotFoundException': io/spring/gradle/dependencymanagement/dsl/ImportsHandlerBeanInfo> (0x00000000eb7e0638) thrown at [C:\workspace\8-2-build-windows-amd64-cygwin\jdk8u65\4987\hotspot\src\share\vm\classfile\systemDictionary.cpp,búÓ<ªÔ!@
Event: 8.915 Thread 0x00000000188d5800 Exception <a 'java/lang/ClassNotFoundException': io/spring/gradle/dependencymanagement/dsl/ImportsHandlerCustomizer> (0x00000000eb7e8ec8) thrown at [C:\workspace\8-2-build-windows-amd64-cygwin\jdk8u65\4987\hotspot\src\share\vm\classfile\systemDictionary.cpe§8:³!@

Events (10 events):
Event: 9.086 loading class org/gradle/tooling/internal/gradle/DefaultGradleScript
Event: 9.086 loading class org/gradle/tooling/internal/gradle/DefaultGradleScript done
Event: 9.086 loading class org/gradle/tooling/model/gradle/GradleScript
Event: 9.086 loading class org/gradle/tooling/model/gradle/GradleScript done
Event: 9.086 loading class org/gradle/api/internal/file/DefaultProjectLayout$ToFileProvider
Event: 9.086 loading class org/gradle/api/internal/file/DefaultProjectLayout$ToFileProvider done
Event: 9.090 loading class org/gradle/buildinit/tasks/internal/TaskConfiguration$1
Event: 9.090 loading class org/gradle/buildinit/tasks/internal/TaskConfiguration$1 done
Event: 9.091 loading class org/gradle/api/internal/AbstractTask$5
Event: 9.091 loading class org/gradle/api/internal/AbstractTask$5 done


Dynamic libraries:
0x00007ff6dcf40000 - 0x00007ff6dcf77000 	C:\Program Files\Java\jdk1.8.0_65\bin\java.exe
0x00007ffce8e40000 - 0x00007ffce9021000 	C:\WINDOWS\SYSTEM32\ntdll.dll
0x00007ffce83f0000 - 0x00007ffce84a2000 	C:\WINDOWS\System32\KERNEL32.DLL
0x00007ffce5210000 - 0x00007ffce5483000 	C:\WINDOWS\System32\KERNELBASE.dll
0x00007ffce8b90000 - 0x00007ffce8c31000 	C:\WINDOWS\System32\ADVAPI32.dll
0x00007ffce84d0000 - 0x00007ffce856e000 	C:\WINDOWS\System32\msvcrt.dll
0x00007ffce8c40000 - 0x00007ffce8c9b000 	C:\WINDOWS\System32\sechost.dll
0x00007ffce8100000 - 0x00007ffce8224000 	C:\WINDOWS\System32\RPCRT4.dll
0x00007ffce8640000 - 0x00007ffce87d0000 	C:\WINDOWS\System32\USER32.dll
0x00007ffce62b0000 - 0x00007ffce62d0000 	C:\WINDOWS\System32\win32u.dll
0x00007ffce8580000 - 0x00007ffce85a8000 	C:\WINDOWS\System32\GDI32.dll
0x00007ffce6090000 - 0x00007ffce6222000 	C:\WINDOWS\System32\gdi32full.dll
0x00007ffce5880000 - 0x00007ffce591f000 	C:\WINDOWS\System32\msvcp_win.dll
0x00007ffce5490000 - 0x00007ffce558a000 	C:\WINDOWS\System32\ucrtbase.dll
0x00007ffcdb050000 - 0x00007ffcdb2b9000 	C:\WINDOWS\WinSxS\amd64_microsoft.windows.common-controls_6595b64144ccf1df_6.0.17134.286_none_fb43982d306480cc\COMCTL32.dll
0x00007ffce7dd0000 - 0x00007ffce80f3000 	C:\WINDOWS\System32\combase.dll
0x00007ffce6230000 - 0x00007ffce62aa000 	C:\WINDOWS\System32\bcryptPrimitives.dll
0x00007ffce8a20000 - 0x00007ffce8a4d000 	C:\WINDOWS\System32\IMM32.DLL
0x00007ffce4e70000 - 0x00007ffce4f5b000 	C:\Windows\system32\guard64.dll
0x00007ffce4e60000 - 0x00007ffce4e6a000 	C:\WINDOWS\system32\version.dll
0x00007ffce8290000 - 0x00007ffce83e1000 	C:\WINDOWS\System32\ole32.dll
0x00007ffce5170000 - 0x00007ffce517a000 	C:\WINDOWS\System32\fltlib.dll
0x00007ffce6720000 - 0x00007ffce7b60000 	C:\WINDOWS\System32\shell32.dll
0x00007ffce5590000 - 0x00007ffce55d9000 	C:\WINDOWS\System32\cfgmgr32.dll
0x00007ffce8970000 - 0x00007ffce8a19000 	C:\WINDOWS\System32\shcore.dll
0x00007ffce5920000 - 0x00007ffce602d000 	C:\WINDOWS\System32\windows.storage.dll
0x00007ffce8a50000 - 0x00007ffce8aa1000 	C:\WINDOWS\System32\shlwapi.dll
0x00007ffce51f0000 - 0x00007ffce5201000 	C:\WINDOWS\System32\kernel.appcore.dll
0x00007ffce5150000 - 0x00007ffce516f000 	C:\WINDOWS\System32\profapi.dll
0x00007ffce5180000 - 0x00007ffce51cc000 	C:\WINDOWS\System32\powrprof.dll
0x000000006f600000 - 0x000000006f6d2000 	C:\Program Files\Java\jdk1.8.0_65\jre\bin\msvcr100.dll
0x000000006dda0000 - 0x000000006e629000 	C:\Program Files\Java\jdk1.8.0_65\jre\bin\server\jvm.dll
0x00007ffce85b0000 - 0x00007ffce85b8000 	C:\WINDOWS\System32\PSAPI.DLL
0x00007ffcd53d0000 - 0x00007ffcd53d9000 	C:\WINDOWS\SYSTEM32\WSOCK32.dll
0x00007ffce8b20000 - 0x00007ffce8b8c000 	C:\WINDOWS\System32\WS2_32.dll
0x00007ffcdd120000 - 0x00007ffcdd143000 	C:\WINDOWS\SYSTEM32\WINMM.dll
0x00007ffcdcc00000 - 0x00007ffcdcc2a000 	C:\WINDOWS\SYSTEM32\WINMMBASE.dll
0x000000006f5f0000 - 0x000000006f5ff000 	C:\Program Files\Java\jdk1.8.0_65\jre\bin\verify.dll
0x000000006f5c0000 - 0x000000006f5e9000 	C:\Program Files\Java\jdk1.8.0_65\jre\bin\java.dll
0x000000006f5a0000 - 0x000000006f5b6000 	C:\Program Files\Java\jdk1.8.0_65\jre\bin\zip.dll
0x000000006f580000 - 0x000000006f59a000 	C:\Program Files\Java\jdk1.8.0_65\jre\bin\net.dll
0x00007ffce4870000 - 0x00007ffce48d6000 	C:\WINDOWS\system32\mswsock.dll
0x000000006f560000 - 0x000000006f571000 	C:\Program Files\Java\jdk1.8.0_65\jre\bin\nio.dll
0x00007ffcd9f20000 - 0x00007ffcd9f3e000 	C:\Users\nats\.gradle\native\25\windows-amd64\native-platform.dll
0x000000006f520000 - 0x000000006f52d000 	C:\Program Files\Java\jdk1.8.0_65\jre\bin\management.dll
0x00007ffce4a80000 - 0x00007ffce4a97000 	C:\WINDOWS\SYSTEM32\CRYPTSP.dll
0x00007ffce4450000 - 0x00007ffce4483000 	C:\WINDOWS\system32\rsaenh.dll
0x00007ffce4bb0000 - 0x00007ffce4bd5000 	C:\WINDOWS\SYSTEM32\bcrypt.dll
0x00007ffce5050000 - 0x00007ffce5078000 	C:\WINDOWS\SYSTEM32\USERENV.dll
0x00007ffce4aa0000 - 0x00007ffce4aab000 	C:\WINDOWS\SYSTEM32\CRYPTBASE.dll
0x00007ffce45f0000 - 0x00007ffce4628000 	C:\WINDOWS\SYSTEM32\IPHLPAPI.DLL
0x00007ffce8570000 - 0x00007ffce8578000 	C:\WINDOWS\System32\NSI.dll
0x00007ffce2580000 - 0x00007ffce2596000 	C:\WINDOWS\SYSTEM32\dhcpcsvc6.DLL
0x00007ffce2560000 - 0x00007ffce257a000 	C:\WINDOWS\SYSTEM32\dhcpcsvc.DLL

VM Arguments:
jvm_args: -XX:+HeapDumpOnOutOfMemoryError -Xmx1024m -Dfile.encoding=windows-1252 -Duser.country=PE -Duser.language=es -Duser.variant 
java_command: org.gradle.launcher.daemon.bootstrap.GradleDaemon 4.8.1
java_class_path (initial): C:\Users\nats\.gradle\wrapper\dists\gradle-4.8.1-all\6fmj4nezasjg1b7kkmy10xgo2\gradle-4.8.1\lib\gradle-launcher-4.8.1.jar
Launcher Type: SUN_STANDARD

Environment Variables:
JAVA_HOME=C:\Program Files\Java\jdk1.8.0_65
PATH=C:\ProgramData\Oracle\Java\javapath;C:\WINDOWS\system32;C:\WINDOWS;C:\WINDOWS\System32\Wbem;C:\WINDOWS\System32\WindowsPowerShell\v1.0\;C:\Program Files (x86)\ATI Technologies\ATI.ACE\Core-Static;C:\Program Files\Java\jdk1.8.0_65\bin;C:\Program Files\apache-maven-3.5.0\bin;C:\Program Files\gradle-4.2\bin;C:\Program Files\spring-1.5.7.RELEASE\bin;C:\Android\tools\bin;C:\ProgramData\chocolatey\bin;C:\Program Files\PostgreSQL\10\bin;C:\WINDOWS\System32\OpenSSH\;C:\Program Files\Microsoft VS Code\bin;C:\Program Files\Git\bin;%NVM_HOME%;%NVM_SYMLINK%;C:\ProgramData\Oracle\Java\javapath;C:\Windows\system32;C:\Windows;C:\Windows\System32\Wbem;C:\Windows\System32\WindowsPowerShell\v1.0\;C:\Program Files (x86)\ATI Technologies\ATI.ACE\Core-Static;C:\Program Files\Java\jdk1.8.0_65\bin;C:\Program Files\apache-maven-3.5.0\bin;C:\Program Files\gradle-4.2\bin;C:\Program Files\spring-1.5.7.RELEASE\bin;C:\Users\nats\AppData\Local\Microsoft\WindowsApps;C:\Program Files\Microsoft VS Code\bin;C:\Program Files\Heroku\bin;C:\PostgreSQL\bin;C:\Users\nats\AppData\Local\Microsoft\WindowsApps;C:\tools\mysql\current\bin;C:\tools\neovim\Neovim\bin;C:\Users\nats\AppData\Roaming\npm;C:\tools\cmdermini;C:\Users\nats\AppData\Roaming\nvm;C:\Program Files\nodejs
USERNAME=nats
OS=Windows_NT
PROCESSOR_IDENTIFIER=AMD64 Family 21 Model 16 Stepping 1, AuthenticAMD



---------------  S Y S T E M  ---------------

OS: Windows 10.0 , 64 bit Build 17134 (10.0.17134.1)

CPU:total 4 (4 cores per cpu, 1 threads per core) family 21 model 16 stepping 1, cmov, cx8, fxsr, mmx, sse, sse2, sse3, ssse3, sse4.1, sse4.2, popcnt, avx, aes, clmul, mmxext, 3dnowpref, lzcnt, sse4a, tsc, tscinvbit, tscinv, bmi1

Memory: 4k page, physical 3347236k(317396k free), swap 4682532k(5176k free)

vm_info: Java HotSpot(TM) 64-Bit Server VM (25.65-b01) for windows-amd64 JRE (1.8.0_65-b17), built on Oct  6 2015 16:39:20 by "java_re" with MS VC++ 10.0 (VS2010)

time: Sat Oct 13 22:47:34 2018
elapsed time: 9 seconds (0d 0h 0m 9s)

